=====================================
COMP328 Benchmark Started: Tue 28 Apr 23:32:57 BST 2026
=====================================
cc -std=c11 -O3 -fopenmp -lm file_reader.c heat.c main_nearly.c -o "heat_nearly"
Built: heat nearly
mpicc -std=c11 -O3 -fopenmp -lm file_reader.c heat.c main_mpi.c -o "heat_complete"
Built: heat complete

===== OPENMP STRONG SCALING =====
Running Strong Scaling: Threads=1
Converged after 368428 iterations
Converged after 371216 iterations
Converged after 361779 iterations
Converged after 343441 iterations

File opened, writing dims

Writing output data
Threads=1 Real=354.06 User=349.66 CPU=99%
Running Strong Scaling: Threads=2
Converged after 368428 iterations
Converged after 371216 iterations
Converged after 361779 iterations
Converged after 343441 iterations

File opened, writing dims

Writing output data
Threads=2 Real=228.64 User=449.22 CPU=198%
Running Strong Scaling: Threads=4
Converged after 368428 iterations
Converged after 371216 iterations
Converged after 361779 iterations
Converged after 343441 iterations

File opened, writing dims

Writing output data
Threads=4 Real=125.03 User=494.34 CPU=397%
Running Strong Scaling: Threads=8
Converged after 368428 iterations
Converged after 371216 iterations
Converged after 361779 iterations
Converged after 343441 iterations

File opened, writing dims

Writing output data
Threads=8 Real=91.29 User=723.03 CPU=795%
Running Strong Scaling: Threads=16
Converged after 368428 iterations
Converged after 371216 iterations
Converged after 361779 iterations
Converged after 343441 iterations

File opened, writing dims

Writing output data
Threads=16 Real=78.79 User=1251.24 CPU=1592%
Running Strong Scaling: Threads=32
Converged after 368428 iterations
Converged after 371216 iterations
Converged after 361779 iterations
Converged after 343441 iterations

File opened, writing dims

Writing output data
Threads=32 Real=120.93 User=3839.02 CPU=3177%
